<?xml version="1.0" encoding="UTF-8"?>
<!-- Generated by org.testng.reporters.JUnitXMLReporter -->
<testsuite ignored="0" hostname="MacBook-Pro-3.local" failures="1" tests="1" name="Test" time="35.454" errors="0" timestamp="2024-07-14T19:54:45 IST">
  <testcase classname="test.LoginTest" name="loginTest" time="9.817">
    <failure type="java.lang.IllegalMonitorStateException" message="current thread is not owner">
      <![CDATA[java.lang.IllegalMonitorStateException: current thread is not owner
at java.base/java.lang.Object.wait0(Native Method)
at java.base/java.lang.Object.wait(Object.java:375)
at pageObjects.KgenHome.verifyAboutPageNavigation(KgenHome.java:42)
at test.LoginTest.loginTest(LoginTest.java:39)
at java.base/java.util.concurrent.ThreadPoolExecutor.runWorker(ThreadPoolExecutor.java:1144)
at java.base/java.util.concurrent.ThreadPoolExecutor$Worker.run(ThreadPoolExecutor.java:642)
at java.base/java.lang.Thread.run(Thread.java:1570)
... Removed 10 stack frames]]>
    </failure>
  </testcase> <!-- loginTest -->
</testsuite> <!-- Test -->
