<?xml version="1.0" encoding="UTF-8"?>
<testng-results ignored="0" total="1" passed="1" failed="0" skipped="0">
  <reporter-output>
  </reporter-output>
  <suite started-at="2024-10-05T14:09:08 IST" name="Suite" finished-at="2024-10-05T14:10:58 IST" duration-ms="110033">
    <groups>
    </groups>
    <test started-at="2024-10-05T14:09:08 IST" name="Test" finished-at="2024-10-05T14:10:58 IST" duration-ms="110033">
      <class name="test.AllTests">
        <test-method is-config="true" signature="setup()[pri:0, instance:test.AllTests@6356695f]" started-at="2024-10-05T14:09:08 IST" name="setup" finished-at="2024-10-05T14:09:24 IST" duration-ms="16038" status="PASS">
          <reporter-output>
          </reporter-output>
        </test-method> <!-- setup -->
        <test-method signature="kDropTest_LoggedOutUser_ListingPageValidation()[pri:0, instance:test.AllTests@6356695f]" started-at="2024-10-05T14:09:24 IST" name="kDropTest_LoggedOutUser_ListingPageValidation" finished-at="2024-10-05T14:10:58 IST" duration-ms="93664" status="PASS">
          <reporter-output>
          </reporter-output>
        </test-method> <!-- kDropTest_LoggedOutUser_ListingPageValidation -->
        <test-method is-config="true" signature="tearDown()[pri:0, instance:test.AllTests@6356695f]" started-at="2024-10-05T14:10:58 IST" name="tearDown" finished-at="2024-10-05T14:10:58 IST" duration-ms="244" status="PASS">
          <reporter-output>
          </reporter-output>
        </test-method> <!-- tearDown -->
      </class> <!-- test.AllTests -->
    </test> <!-- Test -->
  </suite> <!-- Suite -->
</testng-results>
