<?xml version="1.0" encoding="UTF-8"?>
<testng-results ignored="0" total="1" passed="1" failed="0" skipped="0">
  <reporter-output>
  </reporter-output>
  <suite started-at="2024-07-21T20:11:24 IST" name="Suite" finished-at="2024-07-21T20:12:29 IST" duration-ms="64086">
    <groups>
    </groups>
    <test started-at="2024-07-21T20:11:24 IST" name="Test" finished-at="2024-07-21T20:12:29 IST" duration-ms="64086">
      <class name="test.AllTests">
        <test-method is-config="true" signature="setup()[pri:0, instance:test.AllTests@694abbdc]" started-at="2024-07-21T20:11:25 IST" name="setup" finished-at="2024-07-21T20:11:45 IST" duration-ms="20467" status="PASS">
          <reporter-output>
          </reporter-output>
        </test-method> <!-- setup -->
        <test-method signature="navBarNavigationKgenHome()[pri:0, instance:test.AllTests@694abbdc]" started-at="2024-07-21T20:11:45 IST" name="navBarNavigationKgenHome" finished-at="2024-07-21T20:12:28 IST" duration-ms="43114" status="PASS">
          <reporter-output>
          </reporter-output>
        </test-method> <!-- navBarNavigationKgenHome -->
        <test-method is-config="true" signature="tearDown()[pri:0, instance:test.AllTests@694abbdc]" started-at="2024-07-21T20:12:28 IST" name="tearDown" finished-at="2024-07-21T20:12:29 IST" duration-ms="392" status="PASS">
          <reporter-output>
          </reporter-output>
        </test-method> <!-- tearDown -->
      </class> <!-- test.AllTests -->
    </test> <!-- Test -->
  </suite> <!-- Suite -->
</testng-results>
